Build started 25.10.2013 21:08:31.
     1>Project "C:\Users\Igor\Documents\Visual Studio 2010\Projects\Tanks_0_0_1\Tanks_0_0_1\Tanks_0_0_1.vcxproj" on node 2 (build target(s)).
     1>InitializeBuildStatus:
         Creating "Debug\Tanks_0_0_1.unsuccessfulbuild" because "AlwaysCreate" was specified.
       ClCompile:
         C:\Program Files (x86)\Microsoft Visual Studio 10.0\VC\bin\CL.exe /c /ZI /nologo /W3 /WX- /Od /Oy- /D _MBCS /Gm /EHsc /RTC1 /MDd /GS /fp:precise /Zc:wchar_t /Zc:forScope /Fo"Debug\\" /Fd"Debug\vc100.pdb" /Gd /TP /analyze- /errorReport:prompt Engine.cpp
         Engine.cpp
     1>c:\users\igor\documents\visual studio 2010\projects\tanks_0_0_1\tanks_0_0_1\engine.cpp(410): warning C4018: '<' : signed/unsigned mismatch
     1>c:\users\igor\documents\visual studio 2010\projects\tanks_0_0_1\tanks_0_0_1\engine.cpp(567): warning C4018: '<' : signed/unsigned mismatch
     1>c:\users\igor\documents\visual studio 2010\projects\tanks_0_0_1\tanks_0_0_1\engine.cpp(793): warning C4018: '<' : signed/unsigned mismatch
       Link:
         C:\Program Files (x86)\Microsoft Visual Studio 10.0\VC\bin\link.exe /ERRORREPORT:PROMPT /OUT:"C:\Users\Igor\Documents\Visual Studio 2010\Projects\Tanks_0_0_1\Debug\Tanks_0_0_1.exe" /NOLOGO GLAUX.LIB glfw3.lib glu32.lib opengl32.lib "allegro-5.0.10-monolith-md-debug.lib" kernel32.lib user32.lib gdi32.lib winspool.lib comdlg32.lib advapi32.lib shell32.lib ole32.lib oleaut32.lib uuid.lib odbc32.lib odbccp32.lib /MANIFEST /ManifestFile:"Debug\Tanks_0_0_1.exe.intermediate.manifest" /MANIFESTUAC:"level='asInvoker' uiAccess='false'" /DEBUG /PDB:"C:\Users\Igor\Documents\Visual Studio 2010\Projects\Tanks_0_0_1\Debug\Tanks_0_0_1.pdb" /TLBID:1 /DYNAMICBASE /NXCOMPAT /IMPLIB:"C:\Users\Igor\Documents\Visual Studio 2010\Projects\Tanks_0_0_1\Debug\Tanks_0_0_1.lib" /MACHINE:X86 Debug\BaseTank.obj
         Debug\Bullet.obj
         Debug\EnemyTank.obj
         Debug\Engine.obj
         Debug\Mapa.obj
         Debug\Menu.obj
         Debug\Settings.obj
         Debug\tMain.obj
         Debug\UserTank.obj
         LINK : C:\Users\Igor\Documents\Visual Studio 2010\Projects\Tanks_0_0_1\Debug\Tanks_0_0_1.exe not found or not built by the last incremental link; performing full link
     1>LINK : warning LNK4098: defaultlib 'MSVCRT' conflicts with use of other libs; use /NODEFAULTLIB:library
         Tanks_0_0_1.vcxproj -> C:\Users\Igor\Documents\Visual Studio 2010\Projects\Tanks_0_0_1\Debug\Tanks_0_0_1.exe
       Manifest:
         C:\Program Files (x86)\Microsoft SDKs\Windows\v7.0A\bin\mt.exe /nologo /verbose /outputresource:"C:\Users\Igor\Documents\Visual Studio 2010\Projects\Tanks_0_0_1\Debug\Tanks_0_0_1.exe;#1" /manifest Debug\Tanks_0_0_1.exe.intermediate.manifest
       FinalizeBuildStatus:
         Deleting file "Debug\Tanks_0_0_1.unsuccessfulbuild".
         Touching "Debug\Tanks_0_0_1.lastbuildstate".
     1>Done Building Project "C:\Users\Igor\Documents\Visual Studio 2010\Projects\Tanks_0_0_1\Tanks_0_0_1\Tanks_0_0_1.vcxproj" (build target(s)).

Build succeeded.

Time Elapsed 00:00:01.77
